<?xml version="1.0" encoding="UTF-8"?>
<coverage generated="1603217448332" clover="3.2.0">
  <project timestamp="1603217448332" name="All files">
    <metrics statements="10" coveredstatements="9" conditionals="2" coveredconditionals="1" methods="6" coveredmethods="5" elements="18" coveredelements="15" complexity="0" loc="10" ncloc="10" packages="2" files="2" classes="2"/>
    <package name="components">
      <metrics statements="1" coveredstatements="1" conditionals="0" coveredconditionals="0" methods="1" coveredmethods="1"/>
      <file name="TestComponent.vue" path="/home/kcrossman/open-source/VueServiceExample/src/components/TestComponent.vue">
        <metrics statements="1" coveredstatements="1" conditionals="0" coveredconditionals="0" methods="1" coveredmethods="1"/>
        <line num="15" count="4" type="stmt"/>
      </file>
    </package>
    <package name="services">
      <metrics statements="9" coveredstatements="8" conditionals="2" coveredconditionals="1" methods="5" coveredmethods="4"/>
      <file name="TestService.js" path="/home/kcrossman/open-source/VueServiceExample/src/services/TestService.js">
        <metrics statements="9" coveredstatements="8" conditionals="2" coveredconditionals="1" methods="5" coveredmethods="4"/>
        <line num="3" count="1" type="stmt"/>
        <line num="5" count="1" type="stmt"/>
        <line num="11" count="1" type="stmt"/>
        <line num="14" count="0" type="stmt"/>
        <line num="18" count="3" type="stmt"/>
        <line num="19" count="2" type="stmt"/>
        <line num="20" count="2" type="stmt"/>
        <line num="26" count="1" type="cond" truecount="1" falsecount="1"/>
        <line num="27" count="1" type="stmt"/>
      </file>
    </package>
  </project>
</coverage>
