TN:
SF:/home/kcrossman/open-source/VueServiceExample/src/components/TestComponent.vue
FN:14,(anonymous_1)
FNF:1
FNH:1
FNDA:4,(anonymous_1)
DA:15,4
LF:1
LH:1
BRF:0
BRH:0
end_of_record
TN:
SF:/home/kcrossman/open-source/VueServiceExample/src/services/TestService.js
FN:4,(anonymous_0)
FN:10,(anonymous_1)
FN:13,(anonymous_2)
FN:17,(anonymous_3)
FN:18,(anonymous_4)
FNF:5
FNH:4
FNDA:1,(anonymous_0)
FNDA:1,(anonymous_1)
FNDA:0,(anonymous_2)
FNDA:3,(anonymous_3)
FNDA:2,(anonymous_4)
DA:3,1
DA:5,1
DA:11,1
DA:14,0
DA:18,3
DA:19,2
DA:20,2
LF:7
LH:6
BRF:0
BRH:0
end_of_record
